{"timestamp":"2025-11-19T11:44:56.227Z","level":"ERROR","message":"GET /api/health 500 in 9ms","context":{}}
{"timestamp":"2025-11-19T11:45:22.565Z","level":"ERROR","message":"GET /api/health 500 in 2ms","context":{}}
{"timestamp":"2025-11-19T11:46:03.389Z","level":"ERROR","message":"GET /api/stories 500 in 1ms","context":{}}
{"timestamp":"2025-11-19T11:46:43.115Z","level":"DEBUG","message":"Health check requested","data":{"timestamp":"2025-11-19T11:46:43.115Z","status":"OK","uptime":7.2304342,"memory":{"rss":379908096,"heapTotal":121479168,"heapUsed":92700592,"external":15388820,"arrayBuffers":8178518},"environment":"development","version":"1.0.0"}}
{"timestamp":"2025-11-19T11:46:52.337Z","level":"INFO","message":"GET /api/stories 200 in 1487ms","data":{"statusCode":200,"duration":1487},"context":{}}
{"timestamp":"2025-11-19T11:48:33.610Z","level":"WARN","message":"GET /api/auth/user 401 in 1ms","data":{"statusCode":401,"duration":1},"context":{}}
{"timestamp":"2025-11-19T11:48:33.613Z","level":"WARN","message":"GET /api/users/settings 401 in 1ms","data":{"statusCode":401,"duration":1},"context":{}}
{"timestamp":"2025-11-19T11:48:41.810Z","level":"WARN","message":"GET /api/auth/user 401 in 0ms","data":{"statusCode":401,"duration":0},"context":{}}
{"timestamp":"2025-11-19T11:48:54.107Z","level":"WARN","message":"POST /api/auth/login 401 in 1484ms","data":{"statusCode":401,"duration":1484},"context":{}}
{"timestamp":"2025-11-19T11:49:00.485Z","level":"INFO","message":"POST /api/auth/login 200 in 2450ms","data":{"statusCode":200,"duration":2450},"context":{"userId":"local:CdHEKAmgE0kAZDQbtHLTO"}}
{"timestamp":"2025-11-19T11:49:00.964Z","level":"INFO","message":"GET /api/auth/user 200 in 241ms","data":{"statusCode":200,"duration":241},"context":{"userId":"local:CdHEKAmgE0kAZDQbtHLTO"}}
{"timestamp":"2025-11-19T11:49:02.875Z","level":"INFO","message":"GET /api/auth/user 200 in 1635ms","data":{"statusCode":200,"duration":1635},"context":{"userId":"local:CdHEKAmgE0kAZDQbtHLTO"}}
{"timestamp":"2025-11-19T11:49:03.125Z","level":"INFO","message":"GET /api/invitations/pending 200 in 1884ms","data":{"statusCode":200,"duration":1884},"context":{"userId":"local:CdHEKAmgE0kAZDQbtHLTO"}}
{"timestamp":"2025-11-19T11:49:05.279Z","level":"INFO","message":"GET /api/auth/user 200 in 230ms","data":{"statusCode":200,"duration":230},"context":{"userId":"local:CdHEKAmgE0kAZDQbtHLTO"}}
{"timestamp":"2025-11-19T11:49:05.737Z","level":"INFO","message":"GET /api/join-requests/pending 200 in 4496ms","data":{"statusCode":200,"duration":4496},"context":{"userId":"local:CdHEKAmgE0kAZDQbtHLTO"}}
{"timestamp":"2025-11-19T11:49:06.136Z","level":"INFO","message":"GET /api/invitations/pending 200 in 1087ms","data":{"statusCode":200,"duration":1087},"context":{"userId":"local:CdHEKAmgE0kAZDQbtHLTO"}}
{"timestamp":"2025-11-19T11:49:06.138Z","level":"INFO","message":"GET /api/join-requests/pending 200 in 1087ms","data":{"statusCode":200,"duration":1087},"context":{"userId":"local:CdHEKAmgE0kAZDQbtHLTO"}}
{"timestamp":"2025-11-19T11:49:11.913Z","level":"INFO","message":"GET /api/waiting-turn 200 in 8570ms","data":{"statusCode":200,"duration":8570},"context":{"userId":"local:CdHEKAmgE0kAZDQbtHLTO"}}
{"timestamp":"2025-11-19T11:49:12.443Z","level":"INFO","message":"GET /api/auth/user 200 in 236ms","data":{"statusCode":200,"duration":236},"context":{"userId":"local:CdHEKAmgE0kAZDQbtHLTO"}}
{"timestamp":"2025-11-19T11:49:13.523Z","level":"INFO","message":"GET /api/waiting-turn 200 in 8473ms","data":{"statusCode":200,"duration":8473},"context":{"userId":"local:CdHEKAmgE0kAZDQbtHLTO"}}
{"timestamp":"2025-11-19T11:49:13.539Z","level":"INFO","message":"GET /api/my-turn 200 in 8489ms","data":{"statusCode":200,"duration":8489},"context":{"userId":"local:CdHEKAmgE0kAZDQbtHLTO"}}
{"timestamp":"2025-11-19T11:49:13.855Z","level":"INFO","message":"GET /api/my-turn 200 in 12613ms","data":{"statusCode":200,"duration":12613},"context":{"userId":"local:CdHEKAmgE0kAZDQbtHLTO"}}
{"timestamp":"2025-11-19T11:49:20.783Z","level":"INFO","message":"GET /api/my-stories 200 in 8574ms","data":{"statusCode":200,"duration":8574},"context":{"userId":"local:CdHEKAmgE0kAZDQbtHLTO"}}
{"timestamp":"2025-11-19T11:49:21.278Z","level":"INFO","message":"GET /api/auth/user 200 in 230ms","data":{"statusCode":200,"duration":230},"context":{"userId":"local:CdHEKAmgE0kAZDQbtHLTO"}}
{"timestamp":"2025-11-19T11:49:22.015Z","level":"INFO","message":"GET /api/stories/25/participants 200 in 965ms","data":{"statusCode":200,"duration":965},"context":{"userId":"local:CdHEKAmgE0kAZDQbtHLTO"}}
{"timestamp":"2025-11-19T11:49:22.471Z","level":"INFO","message":"GET /api/stories/12/segments 200 in 961ms","data":{"statusCode":200,"duration":961},"context":{"userId":"local:CdHEKAmgE0kAZDQbtHLTO"}}
{"timestamp":"2025-11-19T11:49:22.974Z","level":"INFO","message":"GET /api/stories/25/segments 200 in 1923ms","data":{"statusCode":200,"duration":1923},"context":{"userId":"local:CdHEKAmgE0kAZDQbtHLTO"}}
{"timestamp":"2025-11-19T11:49:23.383Z","level":"INFO","message":"GET /api/stories/12/participants 200 in 2330ms","data":{"statusCode":200,"duration":2330},"context":{"userId":"local:CdHEKAmgE0kAZDQbtHLTO"}}
{"timestamp":"2025-11-19T11:49:23.877Z","level":"INFO","message":"GET /api/stories/17/segments 200 in 2825ms","data":{"statusCode":200,"duration":2825},"context":{"userId":"local:CdHEKAmgE0kAZDQbtHLTO"}}
{"timestamp":"2025-11-19T11:49:23.889Z","level":"INFO","message":"GET /api/stories/11/participants 200 in 1641ms","data":{"statusCode":200,"duration":1641},"context":{"userId":"local:CdHEKAmgE0kAZDQbtHLTO"}}
{"timestamp":"2025-11-19T11:49:23.904Z","level":"INFO","message":"GET /api/stories/17/participants 200 in 2852ms","data":{"statusCode":200,"duration":2852},"context":{"userId":"local:CdHEKAmgE0kAZDQbtHLTO"}}
{"timestamp":"2025-11-19T11:49:24.258Z","level":"INFO","message":"GET /api/stories/10/participants 200 in 1052ms","data":{"statusCode":200,"duration":1052},"context":{"userId":"local:CdHEKAmgE0kAZDQbtHLTO"}}
{"timestamp":"2025-11-19T11:49:24.370Z","level":"INFO","message":"GET /api/stories/11/segments 200 in 1667ms","data":{"statusCode":200,"duration":1667},"context":{"userId":"local:CdHEKAmgE0kAZDQbtHLTO"}}
{"timestamp":"2025-11-19T11:49:24.524Z","level":"INFO","message":"GET /api/stories/10/segments 200 in 932ms","data":{"statusCode":200,"duration":932},"context":{"userId":"local:CdHEKAmgE0kAZDQbtHLTO"}}
{"timestamp":"2025-11-19T11:49:25.001Z","level":"INFO","message":"GET /api/stories/9/participants 200 in 915ms","data":{"statusCode":200,"duration":915},"context":{"userId":"local:CdHEKAmgE0kAZDQbtHLTO"}}
{"timestamp":"2025-11-19T11:49:25.038Z","level":"INFO","message":"GET /api/stories/9/segments 200 in 922ms","data":{"statusCode":200,"duration":922},"context":{"userId":"local:CdHEKAmgE0kAZDQbtHLTO"}}
{"timestamp":"2025-11-19T11:49:25.068Z","level":"INFO","message":"GET /api/stories/4/participants 200 in 939ms","data":{"statusCode":200,"duration":939},"context":{"userId":"local:CdHEKAmgE0kAZDQbtHLTO"}}
{"timestamp":"2025-11-19T11:49:25.380Z","level":"INFO","message":"GET /api/stories/1/segments 200 in 644ms","data":{"statusCode":200,"duration":644},"context":{"userId":"local:CdHEKAmgE0kAZDQbtHLTO"}}
{"timestamp":"2025-11-19T11:49:25.388Z","level":"INFO","message":"GET /api/stories/4/segments 200 in 920ms","data":{"statusCode":200,"duration":920},"context":{"userId":"local:CdHEKAmgE0kAZDQbtHLTO"}}
{"timestamp":"2025-11-19T11:49:25.487Z","level":"INFO","message":"GET /api/stories/1/participants 200 in 886ms","data":{"statusCode":200,"duration":886},"context":{"userId":"local:CdHEKAmgE0kAZDQbtHLTO"}}
{"timestamp":"2025-11-19T11:49:39.285Z","level":"INFO","message":"GET /api/auth/user 200 in 1622ms","data":{"statusCode":200,"duration":1622},"context":{"userId":"local:CdHEKAmgE0kAZDQbtHLTO"}}
{"timestamp":"2025-11-19T11:49:48.809Z","level":"INFO","message":"GET /api/auth/user 200 in 236ms","data":{"statusCode":200,"duration":236},"context":{"userId":"local:CdHEKAmgE0kAZDQbtHLTO"}}
{"timestamp":"2025-11-19T11:49:51.143Z","level":"INFO","message":"GET /api/stories/9 200 in 2569ms","data":{"statusCode":200,"duration":2569},"context":{"userId":"local:CdHEKAmgE0kAZDQbtHLTO"}}
{"timestamp":"2025-11-19T11:49:51.633Z","level":"INFO","message":"GET /api/stories/9/turn 200 in 3058ms","data":{"statusCode":200,"duration":3058},"context":{"userId":"local:CdHEKAmgE0kAZDQbtHLTO"}}
{"timestamp":"2025-11-19T11:49:52.110Z","level":"INFO","message":"GET /api/auth/user 200 in 231ms","data":{"statusCode":200,"duration":231},"context":{"userId":"local:CdHEKAmgE0kAZDQbtHLTO"}}
{"timestamp":"2025-11-19T11:50:10.145Z","level":"INFO","message":"GET /api/auth/user 200 in 1641ms","data":{"statusCode":200,"duration":1641},"context":{"userId":"local:CdHEKAmgE0kAZDQbtHLTO"}}
{"timestamp":"2025-11-19T11:50:11.311Z","level":"INFO","message":"GET /api/stories/25/segments 200 in 2808ms","data":{"statusCode":200,"duration":2808},"context":{"userId":"local:CdHEKAmgE0kAZDQbtHLTO"}}
{"timestamp":"2025-11-19T11:50:11.429Z","level":"INFO","message":"GET /api/stories/25/participants 200 in 2925ms","data":{"statusCode":200,"duration":2925},"context":{"userId":"local:CdHEKAmgE0kAZDQbtHLTO"}}
{"timestamp":"2025-11-19T11:50:11.581Z","level":"INFO","message":"GET /api/stories/12/participants 200 in 3078ms","data":{"statusCode":200,"duration":3078},"context":{"userId":"local:CdHEKAmgE0kAZDQbtHLTO"}}
{"timestamp":"2025-11-19T11:50:11.666Z","level":"INFO","message":"GET /api/stories/9/participants 200 in 1519ms","data":{"statusCode":200,"duration":1519},"context":{"userId":"local:CdHEKAmgE0kAZDQbtHLTO"}}
{"timestamp":"2025-11-19T11:50:11.923Z","level":"INFO","message":"GET /api/stories/9/segments 200 in 1545ms","data":{"statusCode":200,"duration":1545},"context":{"userId":"local:CdHEKAmgE0kAZDQbtHLTO"}}
{"timestamp":"2025-11-19T11:50:12.415Z","level":"INFO","message":"GET /api/stories/12/segments 200 in 3912ms","data":{"statusCode":200,"duration":3912},"context":{"userId":"local:CdHEKAmgE0kAZDQbtHLTO"}}
{"timestamp":"2025-11-19T11:50:12.497Z","level":"INFO","message":"GET /api/stories/17/participants 200 in 953ms","data":{"statusCode":200,"duration":953},"context":{"userId":"local:CdHEKAmgE0kAZDQbtHLTO"}}
{"timestamp":"2025-11-19T11:50:12.749Z","level":"INFO","message":"GET /api/stories/11/participants 200 in 936ms","data":{"statusCode":200,"duration":936},"context":{"userId":"local:CdHEKAmgE0kAZDQbtHLTO"}}
{"timestamp":"2025-11-19T11:50:12.925Z","level":"INFO","message":"GET /api/stories/11/segments 200 in 1027ms","data":{"statusCode":200,"duration":1027},"context":{"userId":"local:CdHEKAmgE0kAZDQbtHLTO"}}
{"timestamp":"2025-11-19T11:50:13.135Z","level":"INFO","message":"GET /api/stories/10/participants 200 in 980ms","data":{"statusCode":200,"duration":980},"context":{"userId":"local:CdHEKAmgE0kAZDQbtHLTO"}}
{"timestamp":"2025-11-19T11:50:13.200Z","level":"INFO","message":"GET /api/stories/17/segments 200 in 1537ms","data":{"statusCode":200,"duration":1537},"context":{"userId":"local:CdHEKAmgE0kAZDQbtHLTO"}}
{"timestamp":"2025-11-19T11:50:13.598Z","level":"INFO","message":"GET /api/stories/10/segments 200 in 949ms","data":{"statusCode":200,"duration":949},"context":{"userId":"local:CdHEKAmgE0kAZDQbtHLTO"}}
{"timestamp":"2025-11-19T11:50:13.661Z","level":"INFO","message":"GET /api/stories/4/participants 200 in 931ms","data":{"statusCode":200,"duration":931},"context":{"userId":"local:CdHEKAmgE0kAZDQbtHLTO"}}
{"timestamp":"2025-11-19T11:50:13.893Z","level":"INFO","message":"GET /api/stories/4/segments 200 in 912ms","data":{"statusCode":200,"duration":912},"context":{"userId":"local:CdHEKAmgE0kAZDQbtHLTO"}}
{"timestamp":"2025-11-19T11:50:14.059Z","level":"INFO","message":"GET /api/stories/1/participants 200 in 902ms","data":{"statusCode":200,"duration":902},"context":{"userId":"local:CdHEKAmgE0kAZDQbtHLTO"}}
{"timestamp":"2025-11-19T11:50:14.066Z","level":"INFO","message":"GET /api/stories/1/segments 200 in 698ms","data":{"statusCode":200,"duration":698},"context":{"userId":"local:CdHEKAmgE0kAZDQbtHLTO"}}
