{"timestamp":"2025-12-12T11:31:15.142Z","level":"WARN","message":"GET /api/auth/user 401 in 1ms","data":{"statusCode":401,"duration":1},"context":{}}
{"timestamp":"2025-12-12T11:31:15.148Z","level":"WARN","message":"GET /api/users/settings 401 in 0ms","data":{"statusCode":401,"duration":0},"context":{}}
{"timestamp":"2025-12-12T11:31:30.854Z","level":"WARN","message":"GET /api/auth/user 401 in 0ms","data":{"statusCode":401,"duration":0},"context":{}}
{"timestamp":"2025-12-12T11:31:30.856Z","level":"WARN","message":"GET /api/users/settings 401 in 0ms","data":{"statusCode":401,"duration":0},"context":{}}
{"timestamp":"2025-12-12T11:39:33.403Z","level":"WARN","message":"GET /api/auth/user 401 in 0ms","data":{"statusCode":401,"duration":0},"context":{}}
{"timestamp":"2025-12-12T11:39:33.407Z","level":"WARN","message":"GET /api/users/settings 401 in 1ms","data":{"statusCode":401,"duration":1},"context":{}}
{"timestamp":"2025-12-12T11:40:48.644Z","level":"WARN","message":"GET /api/auth/user 401 in 0ms","data":{"statusCode":401,"duration":0},"context":{}}
{"timestamp":"2025-12-12T11:40:53.054Z","level":"INFO","message":"GET /api/stories 200 in 4406ms","data":{"statusCode":200,"duration":4406},"context":{}}
{"timestamp":"2025-12-12T11:40:53.070Z","level":"WARN","message":"GET /api/auth/user 401 in 0ms","data":{"statusCode":401,"duration":0},"context":{}}
{"timestamp":"2025-12-12T11:40:53.524Z","level":"INFO","message":"GET /api/stories/24/participants 200 in 452ms","data":{"statusCode":200,"duration":452},"context":{}}
{"timestamp":"2025-12-12T11:40:54.256Z","level":"INFO","message":"GET /api/stories/23/participants 200 in 1180ms","data":{"statusCode":200,"duration":1180},"context":{}}
{"timestamp":"2025-12-12T11:40:54.269Z","level":"INFO","message":"GET /api/stories/24/segments 200 in 1195ms","data":{"statusCode":200,"duration":1195},"context":{}}
{"timestamp":"2025-12-12T11:40:54.284Z","level":"INFO","message":"GET /api/stories/23/segments 200 in 1206ms","data":{"statusCode":200,"duration":1206},"context":{}}
{"timestamp":"2025-12-12T11:40:54.796Z","level":"INFO","message":"GET /api/stories/21/segments 200 in 1411ms","data":{"statusCode":200,"duration":1411},"context":{}}
{"timestamp":"2025-12-12T11:40:54.911Z","level":"INFO","message":"GET /api/stories/20/participants 200 in 1385ms","data":{"statusCode":200,"duration":1385},"context":{}}
{"timestamp":"2025-12-12T11:40:54.998Z","level":"INFO","message":"GET /api/stories/19/participants 200 in 727ms","data":{"statusCode":200,"duration":727},"context":{}}
{"timestamp":"2025-12-12T11:40:55.142Z","level":"INFO","message":"GET /api/stories/19/segments 200 in 856ms","data":{"statusCode":200,"duration":856},"context":{}}
{"timestamp":"2025-12-12T11:40:55.509Z","level":"INFO","message":"GET /api/stories/21/participants 200 in 2125ms","data":{"statusCode":200,"duration":2125},"context":{}}
{"timestamp":"2025-12-12T11:40:55.607Z","level":"INFO","message":"GET /api/stories/20/segments 200 in 1349ms","data":{"statusCode":200,"duration":1349},"context":{}}
{"timestamp":"2025-12-12T11:41:19.490Z","level":"WARN","message":"GET /api/auth/user 401 in 0ms","data":{"statusCode":401,"duration":0},"context":{}}
{"timestamp":"2025-12-12T11:41:23.733Z","level":"WARN","message":"GET /api/auth/user 401 in 1ms","data":{"statusCode":401,"duration":1},"context":{}}
{"timestamp":"2025-12-12T11:41:23.735Z","level":"WARN","message":"GET /api/users/settings 401 in 1ms","data":{"statusCode":401,"duration":1},"context":{}}
{"timestamp":"2025-12-12T11:43:41.293Z","level":"INFO","message":"GET /api/stories 200 in 3553ms","data":{"statusCode":200,"duration":3553},"context":{}}
{"timestamp":"2025-12-12T11:43:59.693Z","level":"INFO","message":"GET /api/stories 200 in 3185ms","data":{"statusCode":200,"duration":3185},"context":{}}
{"timestamp":"2025-12-12T11:44:59.107Z","level":"WARN","message":"GET /api/auth/user 401 in 1ms","data":{"statusCode":401,"duration":1},"context":{}}
{"timestamp":"2025-12-12T11:44:59.108Z","level":"WARN","message":"GET /api/users/settings 401 in 0ms","data":{"statusCode":401,"duration":0},"context":{}}
{"timestamp":"2025-12-12T11:47:12.143Z","level":"WARN","message":"GET /api/auth/user 401 in 0ms","data":{"statusCode":401,"duration":0},"context":{}}
{"timestamp":"2025-12-12T11:47:12.148Z","level":"WARN","message":"GET /api/users/settings 401 in 0ms","data":{"statusCode":401,"duration":0},"context":{}}
{"timestamp":"2025-12-12T11:47:13.604Z","level":"INFO","message":"GET /api/stories 200 in 1460ms","data":{"statusCode":200,"duration":1460},"context":{}}
{"timestamp":"2025-12-12T11:47:23.544Z","level":"WARN","message":"GET /api/auth/user 401 in 1ms","data":{"statusCode":401,"duration":1},"context":{}}
{"timestamp":"2025-12-12T11:47:23.548Z","level":"WARN","message":"GET /api/users/settings 401 in 0ms","data":{"statusCode":401,"duration":0},"context":{}}
{"timestamp":"2025-12-12T11:47:23.969Z","level":"INFO","message":"GET /api/stories 200 in 422ms","data":{"statusCode":200,"duration":422},"context":{}}
{"timestamp":"2025-12-12T11:47:27.429Z","level":"WARN","message":"GET /api/auth/user 401 in 1ms","data":{"statusCode":401,"duration":1},"context":{}}
{"timestamp":"2025-12-12T11:47:27.431Z","level":"WARN","message":"GET /api/users/settings 401 in 0ms","data":{"statusCode":401,"duration":0},"context":{}}
{"timestamp":"2025-12-12T11:47:27.851Z","level":"INFO","message":"GET /api/stories 200 in 421ms","data":{"statusCode":200,"duration":421},"context":{}}
{"timestamp":"2025-12-12T11:47:41.551Z","level":"WARN","message":"GET /api/auth/user 401 in 1ms","data":{"statusCode":401,"duration":1},"context":{}}
{"timestamp":"2025-12-12T11:47:41.554Z","level":"WARN","message":"GET /api/users/settings 401 in 1ms","data":{"statusCode":401,"duration":1},"context":{}}
{"timestamp":"2025-12-12T11:47:42.730Z","level":"INFO","message":"GET /api/stories 200 in 1178ms","data":{"statusCode":200,"duration":1178},"context":{}}
{"timestamp":"2025-12-12T11:49:40.911Z","level":"WARN","message":"GET /api/auth/user 401 in 1ms","data":{"statusCode":401,"duration":1},"context":{}}
{"timestamp":"2025-12-12T11:49:40.915Z","level":"WARN","message":"GET /api/users/settings 401 in 0ms","data":{"statusCode":401,"duration":0},"context":{}}
{"timestamp":"2025-12-12T11:49:44.448Z","level":"INFO","message":"GET /api/stories 200 in 3536ms","data":{"statusCode":200,"duration":3536},"context":{}}
{"timestamp":"2025-12-12T11:50:03.616Z","level":"WARN","message":"GET /api/auth/user 401 in 0ms","data":{"statusCode":401,"duration":0},"context":{}}
{"timestamp":"2025-12-12T11:50:14.474Z","level":"WARN","message":"POST /api/auth/login 401 in 938ms","data":{"statusCode":401,"duration":938},"context":{}}
{"timestamp":"2025-12-12T11:50:27.989Z","level":"INFO","message":"POST /api/auth/login 200 in 4217ms","data":{"statusCode":200,"duration":4217},"context":{"userId":"42748602"}}
{"timestamp":"2025-12-12T11:50:28.418Z","level":"INFO","message":"GET /api/auth/user 200 in 214ms","data":{"statusCode":200,"duration":214},"context":{"userId":"42748602"}}
{"timestamp":"2025-12-12T11:50:30.132Z","level":"INFO","message":"GET /api/auth/user 200 in 1481ms","data":{"statusCode":200,"duration":1481},"context":{"userId":"42748602"}}
{"timestamp":"2025-12-12T11:50:38.067Z","level":"INFO","message":"GET /api/auth/user 200 in 232ms","data":{"statusCode":200,"duration":232},"context":{"userId":"42748602"}}
{"timestamp":"2025-12-12T11:50:38.529Z","level":"INFO","message":"GET /api/auth/user 200 in 211ms","data":{"statusCode":200,"duration":211},"context":{"userId":"42748602"}}
{"timestamp":"2025-12-12T11:50:38.903Z","level":"INFO","message":"GET /api/users/settings 200 in 1067ms","data":{"statusCode":200,"duration":1067},"context":{"userId":"42748602"}}
{"timestamp":"2025-12-12T11:50:39.394Z","level":"INFO","message":"GET /api/join-requests/pending 200 in 1075ms","data":{"statusCode":200,"duration":1075},"context":{"userId":"42748602"}}
{"timestamp":"2025-12-12T11:50:39.860Z","level":"INFO","message":"GET /api/invitations/pending 200 in 1542ms","data":{"statusCode":200,"duration":1542},"context":{"userId":"42748602"}}
{"timestamp":"2025-12-12T11:50:46.139Z","level":"INFO","message":"GET /api/waiting-turn 200 in 7820ms","data":{"statusCode":200,"duration":7820},"context":{"userId":"42748602"}}
{"timestamp":"2025-12-12T11:50:46.170Z","level":"INFO","message":"GET /api/my-turn 200 in 7851ms","data":{"statusCode":200,"duration":7851},"context":{"userId":"42748602"}}
{"timestamp":"2025-12-12T11:50:46.633Z","level":"INFO","message":"GET /api/auth/user 200 in 231ms","data":{"statusCode":200,"duration":231},"context":{"userId":"42748602"}}
{"timestamp":"2025-12-12T11:50:47.301Z","level":"INFO","message":"GET /api/stories/16/segments 200 in 640ms","data":{"statusCode":200,"duration":640},"context":{"userId":"42748602"}}
{"timestamp":"2025-12-12T11:50:47.525Z","level":"INFO","message":"GET /api/stories/21/participants 200 in 863ms","data":{"statusCode":200,"duration":863},"context":{"userId":"42748602"}}
{"timestamp":"2025-12-12T11:50:47.536Z","level":"INFO","message":"GET /api/stories/14/participants 200 in 875ms","data":{"statusCode":200,"duration":875},"context":{"userId":"42748602"}}
{"timestamp":"2025-12-12T11:50:47.538Z","level":"INFO","message":"GET /api/stories/14/segments 200 in 876ms","data":{"statusCode":200,"duration":876},"context":{"userId":"42748602"}}
{"timestamp":"2025-12-12T11:50:47.962Z","level":"INFO","message":"GET /api/stories/16/participants 200 in 1602ms","data":{"statusCode":200,"duration":1602},"context":{"userId":"42748602"}}
{"timestamp":"2025-12-12T11:50:48.443Z","level":"INFO","message":"GET /api/stories/1/segments 200 in 674ms","data":{"statusCode":200,"duration":674},"context":{"userId":"42748602"}}
{"timestamp":"2025-12-12T11:50:48.648Z","level":"INFO","message":"GET /api/stories/1/participants 200 in 889ms","data":{"statusCode":200,"duration":889},"context":{"userId":"42748602"}}
{"timestamp":"2025-12-12T11:50:49.140Z","level":"INFO","message":"GET /api/stories/17/participants 200 in 1603ms","data":{"statusCode":200,"duration":1603},"context":{"userId":"42748602"}}
{"timestamp":"2025-12-12T11:50:49.218Z","level":"INFO","message":"GET /api/stories/21/segments 200 in 2352ms","data":{"statusCode":200,"duration":2352},"context":{"userId":"42748602"}}
{"timestamp":"2025-12-12T11:50:49.376Z","level":"INFO","message":"GET /api/stories/17/segments 200 in 1625ms","data":{"statusCode":200,"duration":1625},"context":{"userId":"42748602"}}
